Using pre-set license
Built from '2020.2/staging' branch; Version is '2020.2.6f1 (8a2143876886) revision 9052483'; Using compiler version '192528614'; Build Type 'Release'
OS: 'Windows 7  (6.1.0) 64bit' Language: 'en' Physical Memory: 8103 MB
BatchMode: 1, IsHumanControllingUs: 0, StartBugReporterOnCrash: 0, Is64bit: 1, IsPro: 0

 COMMAND LINE ARGUMENTS:
C:\Program Files\Unity\Hub\Editor\2020.2.6f1\Editor\Unity.exe
-adb2
-batchMode
-noUpm
-name
AssetImportWorker0
-projectPath
D:/Unity_Projects/Magician Rabbit
-logFile
Logs/AssetImportWorker0.log
-srvPort
56613
Successfully changed project path to: D:/Unity_Projects/Magician Rabbit
D:/Unity_Projects/Magician Rabbit
Using Asset Import Pipeline V2.
Refreshing native plugins compatible for Editor in 25.52 ms, found 0 plugins.
Preloading 0 native plugins for Editor in 0.00 ms.
Initialize engine version: 2020.2.6f1 (8a2143876886)
[Subsystems] Discovering subsystems at path C:/Program Files/Unity/Hub/Editor/2020.2.6f1/Editor/Data/Resources/UnitySubsystems
[Subsystems] Discovering subsystems at path D:/Unity_Projects/Magician Rabbit/Assets
GfxDevice: creating device client; threaded=0
d3d11: CreateDXGIFactory2(...) not found, fallbacking to CreateDXGIFactory1(...).
d3d11: D3D_FEATURE_LEVEL_11_1 not-recognized (only 11.0 runtime installed?)
d3d11: QueryInterface(IDXGIFactory5) failed (80004002).
Direct3D:
    Version:  Direct3D 11.0 [level 11.0]
    Renderer: Intel(R) HD Graphics 4600 (ID=0x412)
    Vendor:   
    VRAM:     1632 MB
    Driver:   10.18.10.3304
Initialize mono
Mono path[0] = 'C:/Program Files/Unity/Hub/Editor/2020.2.6f1/Editor/Data/Managed'
Mono path[1] = 'C:/Program Files/Unity/Hub/Editor/2020.2.6f1/Editor/Data/MonoBleedingEdge/lib/mono/unityjit'
Mono config path = 'C:/Program Files/Unity/Hub/Editor/2020.2.6f1/Editor/Data/MonoBleedingEdge/etc'
Using monoOptions --debugger-agent=transport=dt_socket,embedding=1,server=y,suspend=n,address=127.0.0.1:56428
Begin MonoManager ReloadAssembly
Registering precompiled unity dll's ...
Register platform support module: C:/Program Files/Unity/Hub/Editor/2020.2.6f1/Editor/Data/PlaybackEngines/WindowsStandaloneSupport/UnityEditor.WindowsStandalone.Extensions.dll
Registered in 0.000963 seconds.
Native extension for WindowsStandalone target not found
Refreshing native plugins compatible for Editor in 23.93 ms, found 0 plugins.
Preloading 0 native plugins for Editor in 0.00 ms.
Invoked RoslynAnalysisRunner static constructor.
RoslynAnalysisRunner will not be running.
RoslynAnalysisRunner has terminated.
Mono: successfully reloaded assembly
- Completed reload, in  1.510 seconds
Platform modules already initialized, skipping
Registering precompiled user dll's ...
Registered in 0.000392 seconds.
Begin MonoManager ReloadAssembly
Native extension for WindowsStandalone target not found
Refreshing native plugins compatible for Editor in 0.24 ms, found 0 plugins.
Preloading 0 native plugins for Editor in 0.00 ms.
Invoked RoslynAnalysisRunner static constructor.
RoslynAnalysisRunner will not be running.
RoslynAnalysisRunner has terminated.
Mono: successfully reloaded assembly
- Completed reload, in  0.840 seconds
Platform modules already initialized, skipping
========================================================================
Worker process is ready to serve import requests
Launched and connected shader compiler UnityShaderCompiler.exe after 0.02 seconds
Refreshing native plugins compatible for Editor in 0.28 ms, found 0 plugins.
Preloading 0 native plugins for Editor in 0.00 ms.
Unloading 1104 Unused Serialized files (Serialized files now loaded: 0)
System memory in use before: 56.7 MB.
System memory in use after: 56.8 MB.

Unloading 10 unused Assets to reduce memory usage. Loaded Objects now: 1545.
Total: 3.248109 ms (FindLiveObjects: 0.185729 ms CreateObjectMapping: 0.083760 ms MarkObjects: 2.871684 ms  DeleteObjects: 0.105942 ms)

========================================================================
Received Import Request.
  path: Assets/_Scripts
  artifactKey: Guid(ea271a5d6e35324439a2bf496a901601) Importer(815301076,1909f56bfc062723c751e8b465ee728b)
Start importing Assets/_Scripts using Guid(ea271a5d6e35324439a2bf496a901601) Importer(815301076,1909f56bfc062723c751e8b465ee728b)  -> (artifact id: '9c32e2fe03fabc7e02625133e7f62c14') in 0.003291 seconds
  Import took 0.005401 seconds .

========================================================================
Received Import Request.
  Time since last request: 18.017230 seconds.
  path: Assets/_Scripts/GameManager.cs
  artifactKey: Guid(e4aa8a89833d1204091275c74b5ae453) Importer(815301076,1909f56bfc062723c751e8b465ee728b)
Start importing Assets/_Scripts/GameManager.cs using Guid(e4aa8a89833d1204091275c74b5ae453) Importer(815301076,1909f56bfc062723c751e8b465ee728b)  -> (artifact id: '05970ea67e9888daac71dfbbc5183552') in 0.017178 seconds
  Import took 0.020848 seconds .

========================================================================
Received Prepare
Registering precompiled user dll's ...
Registered in 0.000394 seconds.
Begin MonoManager ReloadAssembly
Native extension for WindowsStandalone target not found
Refreshing native plugins compatible for Editor in 0.25 ms, found 0 plugins.
Preloading 0 native plugins for Editor in 0.00 ms.
Invoked RoslynAnalysisRunner static constructor.
RoslynAnalysisRunner will not be running.
RoslynAnalysisRunner has terminated.
Mono: successfully reloaded assembly
- Completed reload, in  0.824 seconds
Platform modules already initialized, skipping
Switching build target platform(5) subTarget(0) extendedPlatform(0) -> platform(13) subTarget(537395200) extendedPlatform(0)
Refreshing native plugins compatible for Editor in 0.28 ms, found 0 plugins.
Preloading 0 native plugins for Editor in 0.00 ms.
Unloading 1103 Unused Serialized files (Serialized files now loaded: 0)
System memory in use before: 56.7 MB.
System memory in use after: 56.7 MB.

Unloading 5 unused Assets to reduce memory usage. Loaded Objects now: 1548.
Total: 2.045338 ms (FindLiveObjects: 0.181094 ms CreateObjectMapping: 0.080450 ms MarkObjects: 1.730162 ms  DeleteObjects: 0.052640 ms)

AssetImportParameters requested are different than current active one (requested -> active):
  custom:graphics/normal-map-encoding: 01000000000000000000000000000000 -> 02000000000000000000000000000000
========================================================================
Received Prepare
Registering precompiled user dll's ...
Registered in 0.001131 seconds.
Begin MonoManager ReloadAssembly
Native extension for WindowsStandalone target not found
Refreshing native plugins compatible for Editor in 0.24 ms, found 0 plugins.
Preloading 0 native plugins for Editor in 0.00 ms.
Invoked RoslynAnalysisRunner static constructor.
RoslynAnalysisRunner will not be running.
RoslynAnalysisRunner has terminated.
Mono: successfully reloaded assembly
- Completed reload, in  1.461 seconds
Platform modules already initialized, skipping
Switching build target platform(5) subTarget(0) extendedPlatform(0) -> platform(13) subTarget(537395200) extendedPlatform(0)
Refreshing native plugins compatible for Editor in 0.27 ms, found 0 plugins.
Preloading 0 native plugins for Editor in 0.00 ms.
Unloading 1103 Unused Serialized files (Serialized files now loaded: 0)
System memory in use before: 56.7 MB.
System memory in use after: 56.8 MB.

Unloading 5 unused Assets to reduce memory usage. Loaded Objects now: 1550.
Total: 2.154922 ms (FindLiveObjects: 0.164541 ms CreateObjectMapping: 0.046350 ms MarkObjects: 1.872852 ms  DeleteObjects: 0.067538 ms)

AssetImportParameters requested are different than current active one (requested -> active):
  custom:graphics/normal-map-encoding: 01000000000000000000000000000000 -> 02000000000000000000000000000000
========================================================================
Received Prepare
Registering precompiled user dll's ...
Registered in 0.000482 seconds.
Begin MonoManager ReloadAssembly
Native extension for WindowsStandalone target not found
Refreshing native plugins compatible for Editor in 0.25 ms, found 0 plugins.
Preloading 0 native plugins for Editor in 0.00 ms.
Invoked RoslynAnalysisRunner static constructor.
RoslynAnalysisRunner will not be running.
RoslynAnalysisRunner has terminated.
Mono: successfully reloaded assembly
- Completed reload, in  0.847 seconds
Platform modules already initialized, skipping
Switching build target platform(5) subTarget(0) extendedPlatform(0) -> platform(13) subTarget(537395200) extendedPlatform(0)
Refreshing native plugins compatible for Editor in 0.27 ms, found 0 plugins.
Preloading 0 native plugins for Editor in 0.00 ms.
Unloading 1103 Unused Serialized files (Serialized files now loaded: 0)
System memory in use before: 56.7 MB.
System memory in use after: 56.8 MB.

Unloading 5 unused Assets to reduce memory usage. Loaded Objects now: 1552.
Total: 14.682206 ms (FindLiveObjects: 0.158251 ms CreateObjectMapping: 0.045356 ms MarkObjects: 14.409075 ms  DeleteObjects: 0.068200 ms)

AssetImportParameters requested are different than current active one (requested -> active):
  custom:graphics/normal-map-encoding: 01000000000000000000000000000000 -> 02000000000000000000000000000000
========================================================================
Received Prepare
Registering precompiled user dll's ...
Registered in 0.000450 seconds.
Begin MonoManager ReloadAssembly
Native extension for WindowsStandalone target not found
Refreshing native plugins compatible for Editor in 0.25 ms, found 0 plugins.
Preloading 0 native plugins for Editor in 0.00 ms.
Invoked RoslynAnalysisRunner static constructor.
RoslynAnalysisRunner will not be running.
RoslynAnalysisRunner has terminated.
Mono: successfully reloaded assembly
- Completed reload, in  0.849 seconds
Platform modules already initialized, skipping
Switching build target platform(5) subTarget(0) extendedPlatform(0) -> platform(13) subTarget(537395200) extendedPlatform(0)
Refreshing native plugins compatible for Editor in 0.29 ms, found 0 plugins.
Preloading 0 native plugins for Editor in 0.00 ms.
Unloading 1103 Unused Serialized files (Serialized files now loaded: 0)
System memory in use before: 56.7 MB.
System memory in use after: 56.8 MB.

Unloading 5 unused Assets to reduce memory usage. Loaded Objects now: 1554.
Total: 2.005610 ms (FindLiveObjects: 0.151629 ms CreateObjectMapping: 0.044032 ms MarkObjects: 1.752674 ms  DeleteObjects: 0.056282 ms)

AssetImportParameters requested are different than current active one (requested -> active):
  custom:graphics/normal-map-encoding: 01000000000000000000000000000000 -> 02000000000000000000000000000000
========================================================================
Received Prepare
Registering precompiled user dll's ...
Registered in 0.000407 seconds.
Begin MonoManager ReloadAssembly
Native extension for WindowsStandalone target not found
Refreshing native plugins compatible for Editor in 0.30 ms, found 0 plugins.
Preloading 0 native plugins for Editor in 0.00 ms.
Invoked RoslynAnalysisRunner static constructor.
RoslynAnalysisRunner will not be running.
RoslynAnalysisRunner has terminated.
Mono: successfully reloaded assembly
- Completed reload, in  0.808 seconds
Platform modules already initialized, skipping
Switching build target platform(5) subTarget(0) extendedPlatform(0) -> platform(13) subTarget(537395200) extendedPlatform(0)
Refreshing native plugins compatible for Editor in 0.26 ms, found 0 plugins.
Preloading 0 native plugins for Editor in 0.00 ms.
Unloading 1103 Unused Serialized files (Serialized files now loaded: 0)
System memory in use before: 56.7 MB.
System memory in use after: 56.8 MB.

Unloading 5 unused Assets to reduce memory usage. Loaded Objects now: 1556.
Total: 2.098971 ms (FindLiveObjects: 0.149312 ms CreateObjectMapping: 0.044363 ms MarkObjects: 1.846035 ms  DeleteObjects: 0.058268 ms)

AssetImportParameters requested are different than current active one (requested -> active):
  custom:graphics/normal-map-encoding: 01000000000000000000000000000000 -> 02000000000000000000000000000000
========================================================================
Received Prepare
Registering precompiled user dll's ...
Registered in 0.000418 seconds.
Begin MonoManager ReloadAssembly
Native extension for WindowsStandalone target not found
Refreshing native plugins compatible for Editor in 0.25 ms, found 0 plugins.
Preloading 0 native plugins for Editor in 0.00 ms.
Invoked RoslynAnalysisRunner static constructor.
RoslynAnalysisRunner will not be running.
RoslynAnalysisRunner has terminated.
Mono: successfully reloaded assembly
- Completed reload, in  0.816 seconds
Platform modules already initialized, skipping
Switching build target platform(5) subTarget(0) extendedPlatform(0) -> platform(13) subTarget(537395200) extendedPlatform(0)
Refreshing native plugins compatible for Editor in 0.40 ms, found 0 plugins.
Preloading 0 native plugins for Editor in 0.00 ms.
Unloading 1103 Unused Serialized files (Serialized files now loaded: 0)
System memory in use before: 56.7 MB.
System memory in use after: 56.8 MB.

Unloading 5 unused Assets to reduce memory usage. Loaded Objects now: 1558.
Total: 1.878480 ms (FindLiveObjects: 0.181094 ms CreateObjectMapping: 0.042708 ms MarkObjects: 1.570256 ms  DeleteObjects: 0.083429 ms)

AssetImportParameters requested are different than current active one (requested -> active):
  custom:graphics/normal-map-encoding: 01000000000000000000000000000000 -> 02000000000000000000000000000000
========================================================================
Received Prepare
Registering precompiled user dll's ...
Registered in 0.000436 seconds.
Begin MonoManager ReloadAssembly
Native extension for WindowsStandalone target not found
Refreshing native plugins compatible for Editor in 0.24 ms, found 0 plugins.
Preloading 0 native plugins for Editor in 0.00 ms.
Invoked RoslynAnalysisRunner static constructor.
RoslynAnalysisRunner will not be running.
RoslynAnalysisRunner has terminated.
Mono: successfully reloaded assembly
- Completed reload, in  0.808 seconds
Platform modules already initialized, skipping
Switching build target platform(5) subTarget(0) extendedPlatform(0) -> platform(13) subTarget(537395200) extendedPlatform(0)
Refreshing native plugins compatible for Editor in 0.26 ms, found 0 plugins.
Preloading 0 native plugins for Editor in 0.00 ms.
Unloading 1103 Unused Serialized files (Serialized files now loaded: 0)
System memory in use before: 56.8 MB.
System memory in use after: 56.9 MB.

Unloading 5 unused Assets to reduce memory usage. Loaded Objects now: 1560.
Total: 1.854643 ms (FindLiveObjects: 0.153947 ms CreateObjectMapping: 0.043370 ms MarkObjects: 1.601045 ms  DeleteObjects: 0.055288 ms)

AssetImportParameters requested are different than current active one (requested -> active):
  custom:graphics/normal-map-encoding: 01000000000000000000000000000000 -> 02000000000000000000000000000000
========================================================================
Received Prepare
Registering precompiled user dll's ...
Registered in 0.000425 seconds.
Begin MonoManager ReloadAssembly
Native extension for WindowsStandalone target not found
Refreshing native plugins compatible for Editor in 0.28 ms, found 0 plugins.
Preloading 0 native plugins for Editor in 0.00 ms.
Invoked RoslynAnalysisRunner static constructor.
RoslynAnalysisRunner will not be running.
RoslynAnalysisRunner has terminated.
Mono: successfully reloaded assembly
- Completed reload, in  0.759 seconds
Platform modules already initialized, skipping
Switching build target platform(5) subTarget(0) extendedPlatform(0) -> platform(13) subTarget(537395200) extendedPlatform(0)
Refreshing native plugins compatible for Editor in 0.71 ms, found 0 plugins.
Preloading 0 native plugins for Editor in 0.00 ms.
Unloading 1103 Unused Serialized files (Serialized files now loaded: 0)
System memory in use before: 56.8 MB.
System memory in use after: 56.9 MB.

Unloading 5 unused Assets to reduce memory usage. Loaded Objects now: 1562.
Total: 1.731155 ms (FindLiveObjects: 0.147656 ms CreateObjectMapping: 0.045025 ms MarkObjects: 1.485502 ms  DeleteObjects: 0.051978 ms)

AssetImportParameters requested are different than current active one (requested -> active):
  custom:graphics/normal-map-encoding: 01000000000000000000000000000000 -> 02000000000000000000000000000000
========================================================================
Received Import Request.
  Time since last request: 15238.850991 seconds.
  path: Assets/Scenes
  artifactKey: Guid(d62755906c4dbb2419c06ac2bffc4e90) Importer(815301076,1909f56bfc062723c751e8b465ee728b)
Start importing Assets/Scenes using Guid(d62755906c4dbb2419c06ac2bffc4e90) Importer(815301076,1909f56bfc062723c751e8b465ee728b)  -> (artifact id: 'c64090b0927c1903cc7ad07fcc4352cb') in 0.008943 seconds
  Import took 0.015139 seconds .

========================================================================
Received Import Request.
  Time since last request: 8.315061 seconds.
  path: Assets/Scenes/MenuScene.unity
  artifactKey: Guid(ab9677adae7c2434497f523bfd2d1b75) Importer(815301076,1909f56bfc062723c751e8b465ee728b)
Start importing Assets/Scenes/MenuScene.unity using Guid(ab9677adae7c2434497f523bfd2d1b75) Importer(815301076,1909f56bfc062723c751e8b465ee728b)  -> (artifact id: '42697a71be88b52b5a788061a09b34bf') in 0.012883 seconds
  Import took 0.025048 seconds .

========================================================================
Received Import Request.
  Time since last request: 5308.224767 seconds.
  path: Assets/UI/3.png
  artifactKey: Guid(457ae7a96dd54994c85ab0bcf80ad229) Importer(815301076,1909f56bfc062723c751e8b465ee728b)
Start importing Assets/UI/3.png using Guid(457ae7a96dd54994c85ab0bcf80ad229) Importer(815301076,1909f56bfc062723c751e8b465ee728b)  -> (artifact id: '9203e7c426706553d6afe79b1b4b27cc') in 0.092870 seconds
  Import took 0.095510 seconds .

========================================================================
Received Import Request.
  Time since last request: 2.072498 seconds.
  path: Assets/UI/blue.png
  artifactKey: Guid(c5522110ba01b20409e251855abccb3d) Importer(815301076,1909f56bfc062723c751e8b465ee728b)
Start importing Assets/UI/blue.png using Guid(c5522110ba01b20409e251855abccb3d) Importer(815301076,1909f56bfc062723c751e8b465ee728b)  -> (artifact id: '43e03d7b8adee16aafb4fc5fb426c0b6') in 0.023804 seconds
  Import took 0.027315 seconds .

========================================================================
Received Import Request.
  Time since last request: 5.154925 seconds.
  path: Assets/UI/blue.png
  artifactKey: Guid(c5522110ba01b20409e251855abccb3d) Importer(815301076,1909f56bfc062723c751e8b465ee728b)
Start importing Assets/UI/blue.png using Guid(c5522110ba01b20409e251855abccb3d) Importer(815301076,1909f56bfc062723c751e8b465ee728b)  -> (artifact id: 'ecc63dddba058eaf74810b4f3b7132c8') in 0.257320 seconds
  Import took 0.259840 seconds .

========================================================================
Received Import Request.
  Time since last request: 1.255105 seconds.
  path: Assets/UI/bvcx.png
  artifactKey: Guid(0e542d0aaa5b4ac40938797978c86e74) Importer(815301076,1909f56bfc062723c751e8b465ee728b)
Start importing Assets/UI/bvcx.png using Guid(0e542d0aaa5b4ac40938797978c86e74) Importer(815301076,1909f56bfc062723c751e8b465ee728b)  -> (artifact id: '3a53faab5a6ed9caa821776f26f0862a') in 0.061915 seconds
  Import took 0.065465 seconds .

========================================================================
Received Import Request.
  Time since last request: 6.071919 seconds.
  path: Assets/UI/bvcx.png
  artifactKey: Guid(0e542d0aaa5b4ac40938797978c86e74) Importer(815301076,1909f56bfc062723c751e8b465ee728b)
Start importing Assets/UI/bvcx.png using Guid(0e542d0aaa5b4ac40938797978c86e74) Importer(815301076,1909f56bfc062723c751e8b465ee728b)  -> (artifact id: '59b60c10fcc430318e6786dde39fb18a') in 0.101426 seconds
  Import took 0.104209 seconds .

========================================================================
Received Import Request.
  Time since last request: 1.034160 seconds.
  path: Assets/UI/dfdgh.png
  artifactKey: Guid(703cd2a9bbebfbf48968d13d51ceccbc) Importer(815301076,1909f56bfc062723c751e8b465ee728b)
Start importing Assets/UI/dfdgh.png using Guid(703cd2a9bbebfbf48968d13d51ceccbc) Importer(815301076,1909f56bfc062723c751e8b465ee728b)  -> (artifact id: '8c7f38c105aceaa7b8688686511da54d') in 0.180879 seconds
  Import took 0.186599 seconds .

========================================================================
Received Import Request.
  Time since last request: 1.303339 seconds.
  path: Assets/UI/dfvgb.png
  artifactKey: Guid(6642d04c4a1cc794bba1fa368e936421) Importer(815301076,1909f56bfc062723c751e8b465ee728b)
Start importing Assets/UI/dfvgb.png using Guid(6642d04c4a1cc794bba1fa368e936421) Importer(815301076,1909f56bfc062723c751e8b465ee728b)  -> (artifact id: 'e1621f77ae85e0d3e22d043504076982') in 0.036673 seconds
  Import took 0.039744 seconds .

========================================================================
Received Import Request.
  Time since last request: 1.222318 seconds.
  path: Assets/UI/fergthy 1.png
  artifactKey: Guid(f7e317ad6c1658d43b555f0cff599328) Importer(815301076,1909f56bfc062723c751e8b465ee728b)
Start importing Assets/UI/fergthy 1.png using Guid(f7e317ad6c1658d43b555f0cff599328) Importer(815301076,1909f56bfc062723c751e8b465ee728b)  -> (artifact id: 'c012722611796db2ea0af438a4c13717') in 0.021771 seconds
  Import took 0.025062 seconds .

========================================================================
Received Import Request.
  Time since last request: 15.498307 seconds.
  path: Assets/UI/dfvgb.png
  artifactKey: Guid(6642d04c4a1cc794bba1fa368e936421) Importer(815301076,1909f56bfc062723c751e8b465ee728b)
Start importing Assets/UI/dfvgb.png using Guid(6642d04c4a1cc794bba1fa368e936421) Importer(815301076,1909f56bfc062723c751e8b465ee728b)  -> (artifact id: 'be0df7d7ed8f7bc731dd1b7c92a8cb83') in 0.100681 seconds
  Import took 0.103362 seconds .

========================================================================
Received Import Request.
  Time since last request: 7.728572 seconds.
  path: Assets/UI/fg.png
  artifactKey: Guid(74e78ae841ab42d42b6a9b390bf01f38) Importer(815301076,1909f56bfc062723c751e8b465ee728b)
Start importing Assets/UI/fg.png using Guid(74e78ae841ab42d42b6a9b390bf01f38) Importer(815301076,1909f56bfc062723c751e8b465ee728b)  -> (artifact id: '2342caf56644331c303945dafb9324a4') in 0.005987 seconds
  Import took 0.009075 seconds .

========================================================================
Received Import Request.
  Time since last request: 0.667479 seconds.
  path: Assets/UI/fvgb 1.png
  artifactKey: Guid(2477207923a4fe24cb0edad4bf0df65d) Importer(815301076,1909f56bfc062723c751e8b465ee728b)
Start importing Assets/UI/fvgb 1.png using Guid(2477207923a4fe24cb0edad4bf0df65d) Importer(815301076,1909f56bfc062723c751e8b465ee728b)  -> (artifact id: '52a496d752736f5994d53ff07d52cc69') in 0.009023 seconds
  Import took 0.011660 seconds .

========================================================================
Received Import Request.
  Time since last request: 13.372889 seconds.
  path: Assets/UI/Group 79.png
  artifactKey: Guid(f92a8615013026a40bed38a0aa8388d2) Importer(815301076,1909f56bfc062723c751e8b465ee728b)
Start importing Assets/UI/Group 79.png using Guid(f92a8615013026a40bed38a0aa8388d2) Importer(815301076,1909f56bfc062723c751e8b465ee728b)  -> (artifact id: '6d5652a9a7da6bc57b2c6203858944ab') in 0.015070 seconds
  Import took 0.019277 seconds .

========================================================================
Received Import Request.
  Time since last request: 0.509774 seconds.
  path: Assets/UI/Group 248.png
  artifactKey: Guid(aa25e05a75c87bb4287dbbbac72fd57b) Importer(815301076,1909f56bfc062723c751e8b465ee728b)
Start importing Assets/UI/Group 248.png using Guid(aa25e05a75c87bb4287dbbbac72fd57b) Importer(815301076,1909f56bfc062723c751e8b465ee728b)  -> (artifact id: 'd484bf76b4523165061702ac8feb4a82') in 0.006481 seconds
  Import took 0.008883 seconds .

========================================================================
Received Import Request.
  Time since last request: 42.246643 seconds.
  path: Assets/UI/Group 16795.png
  artifactKey: Guid(3602238245938d44d8ffd060f3e8f138) Importer(815301076,1909f56bfc062723c751e8b465ee728b)
Start importing Assets/UI/Group 16795.png using Guid(3602238245938d44d8ffd060f3e8f138) Importer(815301076,1909f56bfc062723c751e8b465ee728b)  -> (artifact id: 'd92442207c80a500a4b8d8b6e80b1872') in 0.007295 seconds
  Import took 0.010831 seconds .

========================================================================
Received Import Request.
  Time since last request: 26.324675 seconds.
  path: Assets/UI/Group 19470.png
  artifactKey: Guid(9041b032cbadcad4ebf5ffd4eb81cc15) Importer(815301076,1909f56bfc062723c751e8b465ee728b)
Start importing Assets/UI/Group 19470.png using Guid(9041b032cbadcad4ebf5ffd4eb81cc15) Importer(815301076,1909f56bfc062723c751e8b465ee728b)  -> (artifact id: '5d930e93027fd171f032f2f26b8334fe') in 0.014728 seconds
  Import took 0.017816 seconds .

========================================================================
Received Import Request.
  Time since last request: 3.729544 seconds.
  path: Assets/UI/Group 25379.png
  artifactKey: Guid(1e527ccb9781067458172fccef5a9be7) Importer(815301076,1909f56bfc062723c751e8b465ee728b)
Start importing Assets/UI/Group 25379.png using Guid(1e527ccb9781067458172fccef5a9be7) Importer(815301076,1909f56bfc062723c751e8b465ee728b)  -> (artifact id: '07f81cff0c31dd2d586849beff48e146') in 0.010440 seconds
  Import took 0.014748 seconds .

========================================================================
Received Import Request.
  Time since last request: 3.117524 seconds.
  path: Assets/UI/Group 32790.png
  artifactKey: Guid(96bbf4cd603fa184d865d36c9ffb9171) Importer(815301076,1909f56bfc062723c751e8b465ee728b)
Start importing Assets/UI/Group 32790.png using Guid(96bbf4cd603fa184d865d36c9ffb9171) Importer(815301076,1909f56bfc062723c751e8b465ee728b)  -> (artifact id: '0954351b475f1cfa539cfedc77856c52') in 0.004796 seconds
  Import took 0.007660 seconds .

========================================================================
Received Import Request.
  Time since last request: 31.269038 seconds.
  path: Assets/UI/Group 32790.png
  artifactKey: Guid(96bbf4cd603fa184d865d36c9ffb9171) Importer(815301076,1909f56bfc062723c751e8b465ee728b)
Start importing Assets/UI/Group 32790.png using Guid(96bbf4cd603fa184d865d36c9ffb9171) Importer(815301076,1909f56bfc062723c751e8b465ee728b)  -> (artifact id: '6326c125f6f7ac1d7b24bc22d008f0ec') in 0.007112 seconds
  Import took 0.010102 seconds .

========================================================================
Received Import Request.
  Time since last request: 0.015906 seconds.
  path: Assets/UI/Group 32790.png
  artifactKey: Guid(96bbf4cd603fa184d865d36c9ffb9171) Importer(815301076,1909f56bfc062723c751e8b465ee728b)
Start importing Assets/UI/Group 32790.png using Guid(96bbf4cd603fa184d865d36c9ffb9171) Importer(815301076,1909f56bfc062723c751e8b465ee728b)  -> (artifact id: '6326c125f6f7ac1d7b24bc22d008f0ec') in 0.113593 seconds
  Import took 0.118262 seconds .

========================================================================
Received Import Request.
  Time since last request: 22.244826 seconds.
  path: Assets/UI/Group 34194@2x.png
  artifactKey: Guid(d1e5d8bd7bc685e45bd24c51ce971d2d) Importer(815301076,1909f56bfc062723c751e8b465ee728b)
Start importing Assets/UI/Group 34194@2x.png using Guid(d1e5d8bd7bc685e45bd24c51ce971d2d) Importer(815301076,1909f56bfc062723c751e8b465ee728b)  -> (artifact id: '07291ee0f9174fdc2b5a926a39440fa7') in 0.007987 seconds
  Import took 0.010917 seconds .

========================================================================
Received Import Request.
  Time since last request: 0.874663 seconds.
  path: Assets/UI/Group 34195.png
  artifactKey: Guid(5ecc88cb69a50814686ad71321a69316) Importer(815301076,1909f56bfc062723c751e8b465ee728b)
Start importing Assets/UI/Group 34195.png using Guid(5ecc88cb69a50814686ad71321a69316) Importer(815301076,1909f56bfc062723c751e8b465ee728b)  -> (artifact id: 'dc4fc45a7bfc34f29468d69587ab5714') in 0.003848 seconds
  Import took 0.006087 seconds .

========================================================================
Received Import Request.
  Time since last request: 36.012339 seconds.
  path: Assets/UI/Mask Group 5.png
  artifactKey: Guid(f657a5bbc4125b344a8ea29f68060f2c) Importer(815301076,1909f56bfc062723c751e8b465ee728b)
Start importing Assets/UI/Mask Group 5.png using Guid(f657a5bbc4125b344a8ea29f68060f2c) Importer(815301076,1909f56bfc062723c751e8b465ee728b)  -> (artifact id: '81fc8ce9bceb5f31b8f8973505bd1fd1') in 0.011627 seconds
  Import took 0.015649 seconds .

========================================================================
Received Import Request.
  Time since last request: 1.717549 seconds.
  path: Assets/UI/Path 54250.png
  artifactKey: Guid(0643a7a1ec60157489c4200ceb21bd9b) Importer(815301076,1909f56bfc062723c751e8b465ee728b)
Start importing Assets/UI/Path 54250.png using Guid(0643a7a1ec60157489c4200ceb21bd9b) Importer(815301076,1909f56bfc062723c751e8b465ee728b)  -> (artifact id: 'abe57ee1274c9171858f62011c3cc453') in 0.037542 seconds
  Import took 0.040019 seconds .

========================================================================
Received Import Request.
  Time since last request: 24.725931 seconds.
  path: Assets/UI/Path 54250.png
  artifactKey: Guid(0643a7a1ec60157489c4200ceb21bd9b) Importer(815301076,1909f56bfc062723c751e8b465ee728b)
Start importing Assets/UI/Path 54250.png using Guid(0643a7a1ec60157489c4200ceb21bd9b) Importer(815301076,1909f56bfc062723c751e8b465ee728b)  -> (artifact id: 'e738ffeecd6302f0acf27af3a5bb5507') in 0.135635 seconds
  Import took 0.138919 seconds .

========================================================================
Received Import Request.
  Time since last request: 6.231039 seconds.
  path: Assets/UI/3.png
  artifactKey: Guid(457ae7a96dd54994c85ab0bcf80ad229) Importer(815301076,1909f56bfc062723c751e8b465ee728b)
Start importing Assets/UI/3.png using Guid(457ae7a96dd54994c85ab0bcf80ad229) Importer(815301076,1909f56bfc062723c751e8b465ee728b)  -> (artifact id: 'bd98f7f9ed8dd3dba6fa238e145cc9b3') in 0.012446 seconds
  Import took 0.015470 seconds .

========================================================================
Received Import Request.
  Time since last request: 0.179570 seconds.
  path: Assets/UI/200.png
  artifactKey: Guid(5ab2b41495f9194468b03924e355de22) Importer(815301076,1909f56bfc062723c751e8b465ee728b)
Start importing Assets/UI/200.png using Guid(5ab2b41495f9194468b03924e355de22) Importer(815301076,1909f56bfc062723c751e8b465ee728b)  -> (artifact id: '9d4599cecba59e150306bb71552b7ffc') in 0.018195 seconds
  Import took 0.020556 seconds .

========================================================================
Received Import Request.
  Time since last request: 0.067262 seconds.
  path: Assets/UI/46511-[Converted].png
  artifactKey: Guid(ab042bda37caaa34fac04bc2afbe050b) Importer(815301076,1909f56bfc062723c751e8b465ee728b)
Start importing Assets/UI/46511-[Converted].png using Guid(ab042bda37caaa34fac04bc2afbe050b) Importer(815301076,1909f56bfc062723c751e8b465ee728b)  -> (artifact id: '1f9c54c47262c238cbc77be6bf72c40d') in 0.014687 seconds
  Import took 0.017022 seconds .

========================================================================
Received Import Request.
  Time since last request: 0.152699 seconds.
  path: Assets/UI/back.png
  artifactKey: Guid(4ec751e8cdb9df940bbcd8e06508bd5d) Importer(815301076,1909f56bfc062723c751e8b465ee728b)
Start importing Assets/UI/back.png using Guid(4ec751e8cdb9df940bbcd8e06508bd5d) Importer(815301076,1909f56bfc062723c751e8b465ee728b)  -> (artifact id: '80ed1f2245b505a715ceb1ac88e97f2e') in 0.047820 seconds
  Import took 0.052343 seconds .

========================================================================
Received Import Request.
  Time since last request: 1.035903 seconds.
  path: Assets/UI/dfdgh.png
  artifactKey: Guid(703cd2a9bbebfbf48968d13d51ceccbc) Importer(815301076,1909f56bfc062723c751e8b465ee728b)
Start importing Assets/UI/dfdgh.png using Guid(703cd2a9bbebfbf48968d13d51ceccbc) Importer(815301076,1909f56bfc062723c751e8b465ee728b)  -> (artifact id: '3086a9af2b549b76bb50629d2e51b9f3') in 0.085286 seconds
  Import took 0.088503 seconds .

========================================================================
Received Import Request.
  Time since last request: 0.289485 seconds.
  path: Assets/UI/dfg.png
  artifactKey: Guid(a177e516e5e39014798f3b5490774d17) Importer(815301076,1909f56bfc062723c751e8b465ee728b)
Start importing Assets/UI/dfg.png using Guid(a177e516e5e39014798f3b5490774d17) Importer(815301076,1909f56bfc062723c751e8b465ee728b)  -> (artifact id: '690db27067e12edd9c73144e8cb99915') in 0.011326 seconds
  Import took 0.014508 seconds .

========================================================================
Received Import Request.
  Time since last request: 0.362497 seconds.
  path: Assets/UI/edfvg.png
  artifactKey: Guid(6cb20de70bd4d774e8f94c460eefe5c6) Importer(815301076,1909f56bfc062723c751e8b465ee728b)
Start importing Assets/UI/edfvg.png using Guid(6cb20de70bd4d774e8f94c460eefe5c6) Importer(815301076,1909f56bfc062723c751e8b465ee728b)  -> (artifact id: '77be539c2e47264b632481f780c4307a') in 0.013384 seconds
  Import took 0.016503 seconds .

========================================================================
Received Import Request.
  Time since last request: 0.367100 seconds.
  path: Assets/UI/exit.png
  artifactKey: Guid(befe5189a4cd4a04bbf4b40636d5fef0) Importer(815301076,1909f56bfc062723c751e8b465ee728b)
Start importing Assets/UI/exit.png using Guid(befe5189a4cd4a04bbf4b40636d5fef0) Importer(815301076,1909f56bfc062723c751e8b465ee728b)  -> (artifact id: '09058ba2969e942eca252d28450e0ab7') in 0.022518 seconds
  Import took 0.024898 seconds .

========================================================================
Received Import Request.
  Time since last request: 0.350289 seconds.
  path: Assets/UI/fergthy 1.png
  artifactKey: Guid(f7e317ad6c1658d43b555f0cff599328) Importer(815301076,1909f56bfc062723c751e8b465ee728b)
Start importing Assets/UI/fergthy 1.png using Guid(f7e317ad6c1658d43b555f0cff599328) Importer(815301076,1909f56bfc062723c751e8b465ee728b)  -> (artifact id: '6925610b79fd093cf29f6c7618cbac21') in 0.014185 seconds
  Import took 0.016875 seconds .

========================================================================
Received Import Request.
  Time since last request: 0.692027 seconds.
  path: Assets/UI/fg.png
  artifactKey: Guid(74e78ae841ab42d42b6a9b390bf01f38) Importer(815301076,1909f56bfc062723c751e8b465ee728b)
Start importing Assets/UI/fg.png using Guid(74e78ae841ab42d42b6a9b390bf01f38) Importer(815301076,1909f56bfc062723c751e8b465ee728b)  -> (artifact id: 'bd7a92441a74d76b77e717d0b9d11563') in 0.006410 seconds
  Import took 0.009019 seconds .

========================================================================
Received Import Request.
  Time since last request: 11.947052 seconds.
  path: Assets/UI/Group 248.png
  artifactKey: Guid(aa25e05a75c87bb4287dbbbac72fd57b) Importer(815301076,1909f56bfc062723c751e8b465ee728b)
Start importing Assets/UI/Group 248.png using Guid(aa25e05a75c87bb4287dbbbac72fd57b) Importer(815301076,1909f56bfc062723c751e8b465ee728b)  -> (artifact id: '69423c9853b15d28e182fa186401f802') in 0.008390 seconds
  Import took 0.011441 seconds .

========================================================================
Received Import Request.
  Time since last request: 17.750499 seconds.
  path: Assets/UI/Group 17141.png
  artifactKey: Guid(3fa3e6c7a256804438925f27eef36b56) Importer(815301076,1909f56bfc062723c751e8b465ee728b)
Start importing Assets/UI/Group 17141.png using Guid(3fa3e6c7a256804438925f27eef36b56) Importer(815301076,1909f56bfc062723c751e8b465ee728b)  -> (artifact id: '8775105656257965e780bb60b586d264') in 0.024631 seconds
  Import took 0.027810 seconds .

========================================================================
Received Import Request.
  Time since last request: 0.396044 seconds.
  path: Assets/UI/Group 17143.png
  artifactKey: Guid(530d286d29d42634fb5061a4dffea10c) Importer(815301076,1909f56bfc062723c751e8b465ee728b)
Start importing Assets/UI/Group 17143.png using Guid(530d286d29d42634fb5061a4dffea10c) Importer(815301076,1909f56bfc062723c751e8b465ee728b)  -> (artifact id: 'c78a41187cdf4e0072c94cb35bf9f0e4') in 0.038611 seconds
  Import took 0.042654 seconds .

========================================================================
Received Import Request.
  Time since last request: 0.327343 seconds.
  path: Assets/UI/Group 17528.png
  artifactKey: Guid(640f776725dd7434e8f42fd28a2c62c4) Importer(815301076,1909f56bfc062723c751e8b465ee728b)
Start importing Assets/UI/Group 17528.png using Guid(640f776725dd7434e8f42fd28a2c62c4) Importer(815301076,1909f56bfc062723c751e8b465ee728b)  -> (artifact id: 'b855c0b767489bdedbd29462492350ba') in 0.025895 seconds
  Import took 0.028782 seconds .

========================================================================
Received Import Request.
  Time since last request: 0.388651 seconds.
  path: Assets/UI/Group 18804.png
  artifactKey: Guid(7c50c46016688fe43908227e2e07283c) Importer(815301076,1909f56bfc062723c751e8b465ee728b)
Start importing Assets/UI/Group 18804.png using Guid(7c50c46016688fe43908227e2e07283c) Importer(815301076,1909f56bfc062723c751e8b465ee728b)  -> (artifact id: 'd9fd35e84563a7d1f6697ddab190ad02') in 0.007994 seconds
  Import took 0.010544 seconds .

========================================================================
Received Import Request.
  Time since last request: 0.815153 seconds.
  path: Assets/UI/Group 19430.png
  artifactKey: Guid(52f7be62a04ef164f953361090a0e457) Importer(815301076,1909f56bfc062723c751e8b465ee728b)
Start importing Assets/UI/Group 19430.png using Guid(52f7be62a04ef164f953361090a0e457) Importer(815301076,1909f56bfc062723c751e8b465ee728b)  -> (artifact id: '0718cb86ce649e8d00c91760dcb6d632') in 0.009617 seconds
  Import took 0.012570 seconds .

========================================================================
Received Import Request.
  Time since last request: 0.336243 seconds.
  path: Assets/UI/Group 19438.png
  artifactKey: Guid(422cf84a4a4426a4f8f7b881ec5b6855) Importer(815301076,1909f56bfc062723c751e8b465ee728b)
Start importing Assets/UI/Group 19438.png using Guid(422cf84a4a4426a4f8f7b881ec5b6855) Importer(815301076,1909f56bfc062723c751e8b465ee728b)  -> (artifact id: '865ec3b2095b5154136c67835262d568') in 0.043125 seconds
  Import took 0.045513 seconds .

========================================================================
Received Import Request.
  Time since last request: 0.312363 seconds.
  path: Assets/UI/Group 19445.png
  artifactKey: Guid(abd0be9a6e4662e4dbdd51875bd89e17) Importer(815301076,1909f56bfc062723c751e8b465ee728b)
Start importing Assets/UI/Group 19445.png using Guid(abd0be9a6e4662e4dbdd51875bd89e17) Importer(815301076,1909f56bfc062723c751e8b465ee728b)  -> (artifact id: '559bbc7b81be006e7c6a08bca4c9b2ac') in 0.013506 seconds
  Import took 0.016015 seconds .

========================================================================
Received Import Request.
  Time since last request: 0.409456 seconds.
  path: Assets/UI/Group 19462.png
  artifactKey: Guid(00f4afa0e45817c4891743fe7ecc7af4) Importer(815301076,1909f56bfc062723c751e8b465ee728b)
Start importing Assets/UI/Group 19462.png using Guid(00f4afa0e45817c4891743fe7ecc7af4) Importer(815301076,1909f56bfc062723c751e8b465ee728b)  -> (artifact id: '85cfd2ae66c6fb7df5a4182d312bd061') in 0.010172 seconds
  Import took 0.013129 seconds .

========================================================================
Received Import Request.
  Time since last request: 1.553428 seconds.
  path: Assets/UI/Group 19466.png
  artifactKey: Guid(4041f14abe31c574495bb87853a7f4d6) Importer(815301076,1909f56bfc062723c751e8b465ee728b)
Start importing Assets/UI/Group 19466.png using Guid(4041f14abe31c574495bb87853a7f4d6) Importer(815301076,1909f56bfc062723c751e8b465ee728b)  -> (artifact id: '9e88f4287ad15582d2a120bb710b4c5b') in 0.027970 seconds
  Import took 0.031302 seconds .

========================================================================
Received Import Request.
  Time since last request: 0.372474 seconds.
  path: Assets/UI/Group 19467.png
  artifactKey: Guid(7ec7e7df323eec44c9b93696220e8436) Importer(815301076,1909f56bfc062723c751e8b465ee728b)
Start importing Assets/UI/Group 19467.png using Guid(7ec7e7df323eec44c9b93696220e8436) Importer(815301076,1909f56bfc062723c751e8b465ee728b)  -> (artifact id: '03d76541a28eb03d23911b7107714fd0') in 0.029945 seconds
  Import took 0.033172 seconds .

========================================================================
Received Import Request.
  Time since last request: 0.692116 seconds.
  path: Assets/UI/Group 19470.png
  artifactKey: Guid(9041b032cbadcad4ebf5ffd4eb81cc15) Importer(815301076,1909f56bfc062723c751e8b465ee728b)
Start importing Assets/UI/Group 19470.png using Guid(9041b032cbadcad4ebf5ffd4eb81cc15) Importer(815301076,1909f56bfc062723c751e8b465ee728b)  -> (artifact id: '20995e1cdc42e9da1bd6962f0a2bd01a') in 0.015012 seconds
  Import took 0.017407 seconds .

========================================================================
Received Import Request.
  Time since last request: 0.354187 seconds.
  path: Assets/UI/Group 24045.png
  artifactKey: Guid(3caba17b907ad4548ab9f6f1ef82c34d) Importer(815301076,1909f56bfc062723c751e8b465ee728b)
Start importing Assets/UI/Group 24045.png using Guid(3caba17b907ad4548ab9f6f1ef82c34d) Importer(815301076,1909f56bfc062723c751e8b465ee728b)  -> (artifact id: 'b38341d72a92755770fa566f92be9beb') in 0.017249 seconds
  Import took 0.020781 seconds .

========================================================================
Received Import Request.
  Time since last request: 0.302363 seconds.
  path: Assets/UI/Group 24173.png
  artifactKey: Guid(8c3c3b650fd56b5468dd78ce553d3546) Importer(815301076,1909f56bfc062723c751e8b465ee728b)
Start importing Assets/UI/Group 24173.png using Guid(8c3c3b650fd56b5468dd78ce553d3546) Importer(815301076,1909f56bfc062723c751e8b465ee728b)  -> (artifact id: 'e732eee7d3ce524f225d1ded1df1012a') in 0.018654 seconds
  Import took 0.021078 seconds .

========================================================================
Received Import Request.
  Time since last request: 0.354575 seconds.
  path: Assets/UI/Group 25379.png
  artifactKey: Guid(1e527ccb9781067458172fccef5a9be7) Importer(815301076,1909f56bfc062723c751e8b465ee728b)
Start importing Assets/UI/Group 25379.png using Guid(1e527ccb9781067458172fccef5a9be7) Importer(815301076,1909f56bfc062723c751e8b465ee728b)  -> (artifact id: '3afdbe347822b29025c94ab4e18a1aa0') in 0.012923 seconds
  Import took 0.015239 seconds .

========================================================================
Received Import Request.
  Time since last request: 0.398983 seconds.
  path: Assets/UI/Group 25681.png
  artifactKey: Guid(2152887f70ef74048a86346c31494254) Importer(815301076,1909f56bfc062723c751e8b465ee728b)
Start importing Assets/UI/Group 25681.png using Guid(2152887f70ef74048a86346c31494254) Importer(815301076,1909f56bfc062723c751e8b465ee728b)  -> (artifact id: 'a2ef0e1b4c26bbdbd457cf4d05bb4484') in 0.036854 seconds
  Import took 0.039463 seconds .

========================================================================
Received Import Request.
  Time since last request: 0.375025 seconds.
  path: Assets/UI/Group 25704@2x 1.png
  artifactKey: Guid(6e3fada6ea266fd4e9555fc92516c492) Importer(815301076,1909f56bfc062723c751e8b465ee728b)
Start importing Assets/UI/Group 25704@2x 1.png using Guid(6e3fada6ea266fd4e9555fc92516c492) Importer(815301076,1909f56bfc062723c751e8b465ee728b)  -> (artifact id: 'eb9c5edba0e64f61fff01ce2446f8d6d') in 0.008162 seconds
  Import took 0.010446 seconds .

========================================================================
Received Import Request.
  Time since last request: 0.745206 seconds.
  path: Assets/UI/Group 32276.png
  artifactKey: Guid(d42fa364459906f47a5833b0f5c50824) Importer(815301076,1909f56bfc062723c751e8b465ee728b)
Start importing Assets/UI/Group 32276.png using Guid(d42fa364459906f47a5833b0f5c50824) Importer(815301076,1909f56bfc062723c751e8b465ee728b)  -> (artifact id: '768d746c125bacb67256794f5a5e77d2') in 0.008978 seconds
  Import took 0.011443 seconds .

========================================================================
Received Import Request.
  Time since last request: 6.883608 seconds.
  path: Assets/UI/Group 32788.png
  artifactKey: Guid(89fe4d3897e91b14c8f4c6dc54648611) Importer(815301076,1909f56bfc062723c751e8b465ee728b)
Start importing Assets/UI/Group 32788.png using Guid(89fe4d3897e91b14c8f4c6dc54648611) Importer(815301076,1909f56bfc062723c751e8b465ee728b)  -> (artifact id: 'db0d21135eb2ef7577de39a02a219745') in 0.022230 seconds
  Import took 0.025342 seconds .

========================================================================
Received Import Request.
  Time since last request: 0.697912 seconds.
  path: Assets/UI/Group 33040.png
  artifactKey: Guid(19760a6b9204e244c98145cb8b585971) Importer(815301076,1909f56bfc062723c751e8b465ee728b)
Start importing Assets/UI/Group 33040.png using Guid(19760a6b9204e244c98145cb8b585971) Importer(815301076,1909f56bfc062723c751e8b465ee728b)  -> (artifact id: 'f0b63699cf0b813094ce6a4aa38c45e5') in 0.018617 seconds
  Import took 0.020973 seconds .

========================================================================
Received Import Request.
  Time since last request: 0.402508 seconds.
  path: Assets/UI/Group 33042.png
  artifactKey: Guid(dbed2ee84ace53d469d46b8a2e710e29) Importer(815301076,1909f56bfc062723c751e8b465ee728b)
Start importing Assets/UI/Group 33042.png using Guid(dbed2ee84ace53d469d46b8a2e710e29) Importer(815301076,1909f56bfc062723c751e8b465ee728b)  -> (artifact id: 'c678162bb75e09fcd6fc51ca93bf58b6') in 0.019027 seconds
  Import took 0.022725 seconds .

========================================================================
Received Import Request.
  Time since last request: 0.422421 seconds.
  path: Assets/UI/Group 33043.png
  artifactKey: Guid(be3e246b3ce85b04290a668adcda42a3) Importer(815301076,1909f56bfc062723c751e8b465ee728b)
Start importing Assets/UI/Group 33043.png using Guid(be3e246b3ce85b04290a668adcda42a3) Importer(815301076,1909f56bfc062723c751e8b465ee728b)  -> (artifact id: '43672945471a79c19a167c0c988f5404') in 0.013114 seconds
  Import took 0.015409 seconds .

========================================================================
Received Import Request.
  Time since last request: 0.384153 seconds.
  path: Assets/UI/Group 33060.png
  artifactKey: Guid(414bc50e8a2fbcb49ba374b77780d5a3) Importer(815301076,1909f56bfc062723c751e8b465ee728b)
Start importing Assets/UI/Group 33060.png using Guid(414bc50e8a2fbcb49ba374b77780d5a3) Importer(815301076,1909f56bfc062723c751e8b465ee728b)  -> (artifact id: '685d9e18fa8d58829b019abbeb5b3f46') in 0.013681 seconds
  Import took 0.015996 seconds .

========================================================================
Received Import Request.
  Time since last request: 0.475840 seconds.
  path: Assets/UI/Group 33063.png
  artifactKey: Guid(cbee65867cdffb147b25f65b00626e36) Importer(815301076,1909f56bfc062723c751e8b465ee728b)
Start importing Assets/UI/Group 33063.png using Guid(cbee65867cdffb147b25f65b00626e36) Importer(815301076,1909f56bfc062723c751e8b465ee728b)  -> (artifact id: '47bec2ebc72b8fe66b4528cf6239cc19') in 0.010844 seconds
  Import took 0.013487 seconds .

========================================================================
Received Import Request.
  Time since last request: 0.327617 seconds.
  path: Assets/UI/Group 33066.png
  artifactKey: Guid(b17ce1bb02d821d4d86aad90e608ef82) Importer(815301076,1909f56bfc062723c751e8b465ee728b)
Start importing Assets/UI/Group 33066.png using Guid(b17ce1bb02d821d4d86aad90e608ef82) Importer(815301076,1909f56bfc062723c751e8b465ee728b)  -> (artifact id: 'e4240febad90f92cc3d3357f6e380001') in 0.013704 seconds
  Import took 0.015994 seconds .

========================================================================
Received Import Request.
  Time since last request: 0.649386 seconds.
  path: Assets/UI/Group 33308.png
  artifactKey: Guid(01ed43f138833824394ae284b6c838e8) Importer(815301076,1909f56bfc062723c751e8b465ee728b)
Start importing Assets/UI/Group 33308.png using Guid(01ed43f138833824394ae284b6c838e8) Importer(815301076,1909f56bfc062723c751e8b465ee728b)  -> (artifact id: 'b302d6f02d61b04ba93bfe1543e2a02e') in 0.007735 seconds
  Import took 0.010442 seconds .

========================================================================
Received Import Request.
  Time since last request: 0.446903 seconds.
  path: Assets/UI/Group 33355.png
  artifactKey: Guid(129dd6abdf65dde4482ab580a1e67c9d) Importer(815301076,1909f56bfc062723c751e8b465ee728b)
Start importing Assets/UI/Group 33355.png using Guid(129dd6abdf65dde4482ab580a1e67c9d) Importer(815301076,1909f56bfc062723c751e8b465ee728b)  -> (artifact id: 'ace210ec61f15a7d6af13dd46fb71fd2') in 0.012463 seconds
  Import took 0.014768 seconds .

========================================================================
Received Import Request.
  Time since last request: 0.369609 seconds.
  path: Assets/UI/Group 33404@2x 1.png
  artifactKey: Guid(192811e9c9aabce42ad64375b94be1b3) Importer(815301076,1909f56bfc062723c751e8b465ee728b)
Start importing Assets/UI/Group 33404@2x 1.png using Guid(192811e9c9aabce42ad64375b94be1b3) Importer(815301076,1909f56bfc062723c751e8b465ee728b)  -> (artifact id: 'c08b9afbee9477f51178b33166ae6634') in 0.014780 seconds
  Import took 0.017268 seconds .

========================================================================
Received Import Request.
  Time since last request: 5.787382 seconds.
  path: Assets/UI/Group 33405@2x 1.png
  artifactKey: Guid(edeb548831616f44b811cb968a22fce5) Importer(815301076,1909f56bfc062723c751e8b465ee728b)
Start importing Assets/UI/Group 33405@2x 1.png using Guid(edeb548831616f44b811cb968a22fce5) Importer(815301076,1909f56bfc062723c751e8b465ee728b)  -> (artifact id: 'c017836dba32ea5183f991b1bc6e3f09') in 0.010138 seconds
  Import took 0.012858 seconds .

========================================================================
Received Import Request.
  Time since last request: 57.362711 seconds.
  path: Assets/UI/Group 33406.png
  artifactKey: Guid(310d264124720454db70f4406bc6b09e) Importer(815301076,1909f56bfc062723c751e8b465ee728b)
Start importing Assets/UI/Group 33406.png using Guid(310d264124720454db70f4406bc6b09e) Importer(815301076,1909f56bfc062723c751e8b465ee728b)  -> (artifact id: 'a8cb14b017646e97fd8db3b8e99a96f1') in 0.013373 seconds
  Import took 0.015803 seconds .

========================================================================
Received Import Request.
  Time since last request: 8.049810 seconds.
  path: Assets/UI/Group 33413.png
  artifactKey: Guid(e9644420fda14dc43ba0cb39f41bfb3f) Importer(815301076,1909f56bfc062723c751e8b465ee728b)
Start importing Assets/UI/Group 33413.png using Guid(e9644420fda14dc43ba0cb39f41bfb3f) Importer(815301076,1909f56bfc062723c751e8b465ee728b)  -> (artifact id: '18ede6c71cf0522d4fe4f04b8a96eee0') in 0.024759 seconds
  Import took 0.028847 seconds .

========================================================================
Received Import Request.
  Time since last request: 0.342222 seconds.
  path: Assets/UI/Group 33414.png
  artifactKey: Guid(b58bef067fe1b1b4c8b6bcb319b4ed66) Importer(815301076,1909f56bfc062723c751e8b465ee728b)
Start importing Assets/UI/Group 33414.png using Guid(b58bef067fe1b1b4c8b6bcb319b4ed66) Importer(815301076,1909f56bfc062723c751e8b465ee728b)  -> (artifact id: '0c730ac09b57f47e4df5b872db444aaf') in 0.009891 seconds
  Import took 0.014106 seconds .

========================================================================
Received Import Request.
  Time since last request: 0.328778 seconds.
  path: Assets/UI/Group 33683.png
  artifactKey: Guid(e407f9f33fb6a2e4581da52134268652) Importer(815301076,1909f56bfc062723c751e8b465ee728b)
Start importing Assets/UI/Group 33683.png using Guid(e407f9f33fb6a2e4581da52134268652) Importer(815301076,1909f56bfc062723c751e8b465ee728b)  -> (artifact id: '53ea68a68e9ba7724a556dd194fd3781') in 0.022262 seconds
  Import took 0.024633 seconds .

========================================================================
Received Import Request.
  Time since last request: 0.270873 seconds.
  path: Assets/UI/Group 33785.png
  artifactKey: Guid(1259c04393e30534996a9ffcdf7478d9) Importer(815301076,1909f56bfc062723c751e8b465ee728b)
Start importing Assets/UI/Group 33785.png using Guid(1259c04393e30534996a9ffcdf7478d9) Importer(815301076,1909f56bfc062723c751e8b465ee728b)  -> (artifact id: 'f3d71aadbf316e67bb25c01bbdec73ff') in 0.012876 seconds
  Import took 0.015465 seconds .

========================================================================
Received Import Request.
  Time since last request: 1.829565 seconds.
  path: Assets/UI/Group 33803.png
  artifactKey: Guid(9648f9f4605583540a859338c90526d0) Importer(815301076,1909f56bfc062723c751e8b465ee728b)
Start importing Assets/UI/Group 33803.png using Guid(9648f9f4605583540a859338c90526d0) Importer(815301076,1909f56bfc062723c751e8b465ee728b)  -> (artifact id: '128a4549235ad244de4f0a07bfa1f893') in 0.026691 seconds
  Import took 0.031873 seconds .

========================================================================
Received Import Request.
  Time since last request: 1.339249 seconds.
  path: Assets/UI/Group 34009.png
  artifactKey: Guid(1a171b87ac773144a903e263317336bf) Importer(815301076,1909f56bfc062723c751e8b465ee728b)
Start importing Assets/UI/Group 34009.png using Guid(1a171b87ac773144a903e263317336bf) Importer(815301076,1909f56bfc062723c751e8b465ee728b)  -> (artifact id: '47493fcf139932a032b9e42a0d172b71') in 0.014870 seconds
  Import took 0.018436 seconds .

========================================================================
Received Import Request.
  Time since last request: 0.596064 seconds.
  path: Assets/UI/Group 34101@2x.png
  artifactKey: Guid(f5c1f9863c2045843b01ce359a6c84ff) Importer(815301076,1909f56bfc062723c751e8b465ee728b)
Start importing Assets/UI/Group 34101@2x.png using Guid(f5c1f9863c2045843b01ce359a6c84ff) Importer(815301076,1909f56bfc062723c751e8b465ee728b)  -> (artifact id: 'f2c64ec3464d5195e0b3270bcea78014') in 0.033185 seconds
  Import took 0.037055 seconds .

========================================================================
Received Import Request.
  Time since last request: 0.264431 seconds.
  path: Assets/UI/Group 34101@2x@2x.png
  artifactKey: Guid(24078aec9c4dc5e468f3aaef76beded8) Importer(815301076,1909f56bfc062723c751e8b465ee728b)
Start importing Assets/UI/Group 34101@2x@2x.png using Guid(24078aec9c4dc5e468f3aaef76beded8) Importer(815301076,1909f56bfc062723c751e8b465ee728b)  -> (artifact id: '6284031b7021fd34e329912f414b9811') in 0.061410 seconds
  Import took 0.064526 seconds .

========================================================================
Received Import Request.
  Time since last request: 0.375474 seconds.
  path: Assets/UI/Group 34188.png
  artifactKey: Guid(aae15de71db10754b989de7d9aab32ea) Importer(815301076,1909f56bfc062723c751e8b465ee728b)
Start importing Assets/UI/Group 34188.png using Guid(aae15de71db10754b989de7d9aab32ea) Importer(815301076,1909f56bfc062723c751e8b465ee728b)  -> (artifact id: '07bc0de5074e2cee4fcf5d212715204f') in 0.024724 seconds
  Import took 0.027302 seconds .

========================================================================
Received Import Request.
  Time since last request: 7.486294 seconds.
  path: Assets/UI/Group 34189.png
  artifactKey: Guid(3a400f393f8ad504da17575422e6f5ea) Importer(815301076,1909f56bfc062723c751e8b465ee728b)
Start importing Assets/UI/Group 34189.png using Guid(3a400f393f8ad504da17575422e6f5ea) Importer(815301076,1909f56bfc062723c751e8b465ee728b)  -> (artifact id: 'd1ee01686adbbadb0c535933e84237f0') in 0.027541 seconds
  Import took 0.030625 seconds .

========================================================================
Received Import Request.
  Time since last request: 0.903539 seconds.
  path: Assets/UI/Group 34191@2x 1.png
  artifactKey: Guid(e0f64aa8adaebac47ad0c7642fe994db) Importer(815301076,1909f56bfc062723c751e8b465ee728b)
Start importing Assets/UI/Group 34191@2x 1.png using Guid(e0f64aa8adaebac47ad0c7642fe994db) Importer(815301076,1909f56bfc062723c751e8b465ee728b)  -> (artifact id: '48e6edbf7f8f5cb2fe700dae7d491724') in 0.058670 seconds
  Import took 0.061287 seconds .

========================================================================
Received Import Request.
  Time since last request: 0.003445 seconds.
  path: Assets/UI/Group 34191@2x 1.png
  artifactKey: Guid(e0f64aa8adaebac47ad0c7642fe994db) Importer(815301076,1909f56bfc062723c751e8b465ee728b)
Start importing Assets/UI/Group 34191@2x 1.png using Guid(e0f64aa8adaebac47ad0c7642fe994db) Importer(815301076,1909f56bfc062723c751e8b465ee728b)  -> (artifact id: '48e6edbf7f8f5cb2fe700dae7d491724') in 0.131288 seconds
  Import took 0.133953 seconds .

========================================================================
Received Import Request.
  Time since last request: 4.288141 seconds.
  path: Assets/UI/Group 34194.png
  artifactKey: Guid(8746dd84326d1b944817a09ab4485b9d) Importer(815301076,1909f56bfc062723c751e8b465ee728b)
Start importing Assets/UI/Group 34194.png using Guid(8746dd84326d1b944817a09ab4485b9d) Importer(815301076,1909f56bfc062723c751e8b465ee728b)  -> (artifact id: '71a95a6819f85c6d04fbbc8aa200247c') in 0.011945 seconds
  Import took 0.016917 seconds .

========================================================================
Received Import Request.
  Time since last request: 18.155029 seconds.
  path: Assets/UI/Mask Group 5.png
  artifactKey: Guid(f657a5bbc4125b344a8ea29f68060f2c) Importer(815301076,1909f56bfc062723c751e8b465ee728b)
Start importing Assets/UI/Mask Group 5.png using Guid(f657a5bbc4125b344a8ea29f68060f2c) Importer(815301076,1909f56bfc062723c751e8b465ee728b)  -> (artifact id: 'e0a28b01697c796077b88e2fabb75e35') in 0.025132 seconds
  Import took 0.030181 seconds .

========================================================================
Received Import Request.
  Time since last request: 0.371691 seconds.
  path: Assets/UI/Path 25923.png
  artifactKey: Guid(5a08b694cea59374a8d5d7c7e44d4d7f) Importer(815301076,1909f56bfc062723c751e8b465ee728b)
Start importing Assets/UI/Path 25923.png using Guid(5a08b694cea59374a8d5d7c7e44d4d7f) Importer(815301076,1909f56bfc062723c751e8b465ee728b)  -> (artifact id: '002b32f34c670b4d1cc5bcac05bbf73f') in 0.026777 seconds
  Import took 0.029211 seconds .

========================================================================
Received Import Request.
  Time since last request: 0.175072 seconds.
  path: Assets/UI/Path 54026.png
  artifactKey: Guid(9615c91d50465a74786d41f390214cbc) Importer(815301076,1909f56bfc062723c751e8b465ee728b)
Start importing Assets/UI/Path 54026.png using Guid(9615c91d50465a74786d41f390214cbc) Importer(815301076,1909f56bfc062723c751e8b465ee728b)  -> (artifact id: '8b354c872c3f92e4ddb53f4d8e22fa95') in 0.005957 seconds
  Import took 0.008579 seconds .

========================================================================
Received Import Request.
  Time since last request: 0.583551 seconds.
  path: Assets/UI/pic.png
  artifactKey: Guid(e9fdb9558a431754da88eb672e56b0f3) Importer(815301076,1909f56bfc062723c751e8b465ee728b)
Start importing Assets/UI/pic.png using Guid(e9fdb9558a431754da88eb672e56b0f3) Importer(815301076,1909f56bfc062723c751e8b465ee728b)  -> (artifact id: 'a5462bdc74dd6ba279b3fdb8ca4e1806') in 0.024809 seconds
  Import took 0.027697 seconds .

========================================================================
Received Import Request.
  Time since last request: 0.329181 seconds.
  path: Assets/UI/Rectangle 1.png
  artifactKey: Guid(42b48961809800048993c58e05db3e77) Importer(815301076,1909f56bfc062723c751e8b465ee728b)
Start importing Assets/UI/Rectangle 1.png using Guid(42b48961809800048993c58e05db3e77) Importer(815301076,1909f56bfc062723c751e8b465ee728b)  -> (artifact id: '517559afd42ae67027de4c93b449a1a0') in 0.008735 seconds
  Import took 0.011278 seconds .

========================================================================
Received Import Request.
  Time since last request: 0.337894 seconds.
  path: Assets/UI/Rectangle 23.png
  artifactKey: Guid(1c1d6c9a2c69ff54fa186e90cc66ff88) Importer(815301076,1909f56bfc062723c751e8b465ee728b)
Start importing Assets/UI/Rectangle 23.png using Guid(1c1d6c9a2c69ff54fa186e90cc66ff88) Importer(815301076,1909f56bfc062723c751e8b465ee728b)  -> (artifact id: '0fd01006895e6968ba9084377b245928') in 0.009374 seconds
  Import took 0.012258 seconds .

========================================================================
Received Import Request.
  Time since last request: 0.168417 seconds.
  path: Assets/UI/Rectangle 34.png
  artifactKey: Guid(406346a33e01f204db59173a9b2e8eb7) Importer(815301076,1909f56bfc062723c751e8b465ee728b)
Start importing Assets/UI/Rectangle 34.png using Guid(406346a33e01f204db59173a9b2e8eb7) Importer(815301076,1909f56bfc062723c751e8b465ee728b)  -> (artifact id: '53ed1026f9c3a8fa9fefccae4b127648') in 0.008495 seconds
  Import took 0.010946 seconds .

========================================================================
Received Import Request.
  Time since last request: 0.158418 seconds.
  path: Assets/UI/Rectangle 748.png
  artifactKey: Guid(e74aac868dd8ead4296a307c0631956c) Importer(815301076,1909f56bfc062723c751e8b465ee728b)
Start importing Assets/UI/Rectangle 748.png using Guid(e74aac868dd8ead4296a307c0631956c) Importer(815301076,1909f56bfc062723c751e8b465ee728b)  -> (artifact id: '10698d1cfd0f9d827e55eec196e97137') in 0.029081 seconds
  Import took 0.031469 seconds .

========================================================================
Received Import Request.
  Time since last request: 0.179083 seconds.
  path: Assets/UI/Rectangle 2537.png
  artifactKey: Guid(2e3c9cae1091cc842a9888d8aa7c7db8) Importer(815301076,1909f56bfc062723c751e8b465ee728b)
Start importing Assets/UI/Rectangle 2537.png using Guid(2e3c9cae1091cc842a9888d8aa7c7db8) Importer(815301076,1909f56bfc062723c751e8b465ee728b)  -> (artifact id: '7ef197b47d0f68a0f37da1004640fc8d') in 0.007691 seconds
  Import took 0.010251 seconds .

========================================================================
Received Import Request.
  Time since last request: 0.145184 seconds.
  path: Assets/UI/Rectangle 2636.png
  artifactKey: Guid(2be3875bd0e18684cbff072fb0dd76a5) Importer(815301076,1909f56bfc062723c751e8b465ee728b)
Start importing Assets/UI/Rectangle 2636.png using Guid(2be3875bd0e18684cbff072fb0dd76a5) Importer(815301076,1909f56bfc062723c751e8b465ee728b)  -> (artifact id: 'd77a5ac8beb3a7c56a047bf0cb8f5b79') in 0.013203 seconds
  Import took 0.015557 seconds .

========================================================================
Received Import Request.
  Time since last request: 0.207904 seconds.
  path: Assets/UI/Rectangle 2814.png
  artifactKey: Guid(83c27838434a21b4d808c9a7083bbbd9) Importer(815301076,1909f56bfc062723c751e8b465ee728b)
Start importing Assets/UI/Rectangle 2814.png using Guid(83c27838434a21b4d808c9a7083bbbd9) Importer(815301076,1909f56bfc062723c751e8b465ee728b)  -> (artifact id: '7307fecfeeeccba2f0c2ad270ee2f9bb') in 0.025837 seconds
  Import took 0.028481 seconds .

========================================================================
Received Import Request.
  Time since last request: 0.106265 seconds.
  path: Assets/UI/Rectangle 2963.png
  artifactKey: Guid(36e3584f2b1028d49bd044942921f1de) Importer(815301076,1909f56bfc062723c751e8b465ee728b)
Start importing Assets/UI/Rectangle 2963.png using Guid(36e3584f2b1028d49bd044942921f1de) Importer(815301076,1909f56bfc062723c751e8b465ee728b)  -> (artifact id: '5cfdee6e4047d3bfb251c95f6b4b8ffa') in 0.057670 seconds
  Import took 0.060438 seconds .

========================================================================
Received Import Request.
  Time since last request: 0.292016 seconds.
  path: Assets/UI/rthy.png
  artifactKey: Guid(43ee5bb6098664a4f8e8d13fc6661435) Importer(815301076,1909f56bfc062723c751e8b465ee728b)
Start importing Assets/UI/rthy.png using Guid(43ee5bb6098664a4f8e8d13fc6661435) Importer(815301076,1909f56bfc062723c751e8b465ee728b)  -> (artifact id: 'b1d5056ac771c5e9c893b9d45940ffcd') in 0.008076 seconds
  Import took 0.010556 seconds .

========================================================================
Received Import Request.
  Time since last request: 0.525331 seconds.
  path: Assets/UI/swap.png
  artifactKey: Guid(273f58a124274874b93b7ecff9150dce) Importer(815301076,1909f56bfc062723c751e8b465ee728b)
Start importing Assets/UI/swap.png using Guid(273f58a124274874b93b7ecff9150dce) Importer(815301076,1909f56bfc062723c751e8b465ee728b)  -> (artifact id: '2b4ae17da42e3fc258d3c29ea2598659') in 0.013347 seconds
  Import took 0.015737 seconds .

========================================================================
Received Import Request.
  Time since last request: 0.336591 seconds.
  path: Assets/UI/user (1) 1.png
  artifactKey: Guid(8000673b2d3ccb8408052ff06ec2b0c6) Importer(815301076,1909f56bfc062723c751e8b465ee728b)
Start importing Assets/UI/user (1) 1.png using Guid(8000673b2d3ccb8408052ff06ec2b0c6) Importer(815301076,1909f56bfc062723c751e8b465ee728b)  -> (artifact id: 'f77b352a7ea16200f5fb106d2c98ce17') in 0.009523 seconds
  Import took 0.012113 seconds .

========================================================================
Received Import Request.
  Time since last request: 0.553339 seconds.
  path: Assets/UI/vb.png
  artifactKey: Guid(62415f0c72ebd8843951b79f9670a732) Importer(815301076,1909f56bfc062723c751e8b465ee728b)
Start importing Assets/UI/vb.png using Guid(62415f0c72ebd8843951b79f9670a732) Importer(815301076,1909f56bfc062723c751e8b465ee728b)  -> (artifact id: '15bdaf36216fa12bb76288a10191a411') in 0.040461 seconds
  Import took 0.042866 seconds .

========================================================================
Received Import Request.
  Time since last request: 0.144034 seconds.
  path: Assets/UI/vvvvv.png
  artifactKey: Guid(17a1d4bead728e948a483205ca5e4274) Importer(815301076,1909f56bfc062723c751e8b465ee728b)
Start importing Assets/UI/vvvvv.png using Guid(17a1d4bead728e948a483205ca5e4274) Importer(815301076,1909f56bfc062723c751e8b465ee728b)  -> (artifact id: '1b7196b6f5adbfd63d78af1f6534d483') in 0.008303 seconds
  Import took 0.011347 seconds .

========================================================================
Received Import Request.
  Time since last request: 0.171833 seconds.
  path: Assets/UI/Whatsapp-Logo-Icon-PNG-Android-Ios-13-1024x1024.png
  artifactKey: Guid(df521e436b675d046bd09c6a9f2bc22c) Importer(815301076,1909f56bfc062723c751e8b465ee728b)
Start importing Assets/UI/Whatsapp-Logo-Icon-PNG-Android-Ios-13-1024x1024.png using Guid(df521e436b675d046bd09c6a9f2bc22c) Importer(815301076,1909f56bfc062723c751e8b465ee728b)  -> (artifact id: 'dd52f4a0f3f5ce5fccf8033306f67e7c') in 0.019797 seconds
  Import took 0.022691 seconds .

========================================================================
Received Import Request.
  Time since last request: 0.001954 seconds.
  path: Assets/UI/Whatsapp-Logo-Icon-PNG-Android-Ios-13-1024x1024.png
  artifactKey: Guid(df521e436b675d046bd09c6a9f2bc22c) Importer(815301076,1909f56bfc062723c751e8b465ee728b)
Start importing Assets/UI/Whatsapp-Logo-Icon-PNG-Android-Ios-13-1024x1024.png using Guid(df521e436b675d046bd09c6a9f2bc22c) Importer(815301076,1909f56bfc062723c751e8b465ee728b)  -> (artifact id: 'dd52f4a0f3f5ce5fccf8033306f67e7c') in 0.175387 seconds
  Import took 0.178156 seconds .

========================================================================
Received Import Request.
  Time since last request: 0.024981 seconds.
  path: Assets/UI/xc v.png
  artifactKey: Guid(3e120f4bb2f5f2a428b6b048e2e139ba) Importer(815301076,1909f56bfc062723c751e8b465ee728b)
Start importing Assets/UI/xc v.png using Guid(3e120f4bb2f5f2a428b6b048e2e139ba) Importer(815301076,1909f56bfc062723c751e8b465ee728b)  -> (artifact id: '9293b4e26c200a7a4553f4bf81827a4c') in 0.040393 seconds
  Import took 0.043454 seconds .

========================================================================
Received Import Request.
  Time since last request: 26.109906 seconds.
  path: Assets/UI/Group 34194@2x.png
  artifactKey: Guid(d1e5d8bd7bc685e45bd24c51ce971d2d) Importer(815301076,1909f56bfc062723c751e8b465ee728b)
Start importing Assets/UI/Group 34194@2x.png using Guid(d1e5d8bd7bc685e45bd24c51ce971d2d) Importer(815301076,1909f56bfc062723c751e8b465ee728b)  -> (artifact id: '37e27c995853b29c0d9291d7a9bd3900') in 0.094299 seconds
  Import took 0.097257 seconds .

========================================================================
Received Import Request.
  Time since last request: 15.301173 seconds.
  path: Assets/UI/Group 34195.png
  artifactKey: Guid(5ecc88cb69a50814686ad71321a69316) Importer(815301076,1909f56bfc062723c751e8b465ee728b)
Start importing Assets/UI/Group 34195.png using Guid(5ecc88cb69a50814686ad71321a69316) Importer(815301076,1909f56bfc062723c751e8b465ee728b)  -> (artifact id: 'bdbad4f26729d41efc6584b644aa2b1a') in 0.081801 seconds
  Import took 0.084360 seconds .

